<?xml version="1.0" encoding="UTF-8"?>
<!-- Generated by org.testng.reporters.JUnitReportReporter -->
<testsuite skipped="0" hostname="Nilmie" name="Test.TestRunner" tests="1" failures="0" timestamp="2021-01-19T09:23:13 IST" time="28.232" errors="0">
  <testcase name="LogintoHCM" time="28.232" classname="Test.TestRunner"/>
  <system-out/>
</testsuite> <!-- Test.TestRunner -->
