<?xml version="1.0" encoding="UTF-8"?>
<!-- Generated by org.testng.reporters.JUnitReportReporter -->
<testsuite skipped="0" hostname="Nilmie" name="Test.TestRunner" tests="1" failures="0" timestamp="2021-01-26T11:36:41 IST" time="31.188" errors="0">
  <testcase name="LogintoHCM" time="31.188" classname="Test.TestRunner"/>
  <system-out/>
</testsuite> <!-- Test.TestRunner -->
